Yes now compare the BikeProvider and the expect value

Thanks for using JUnit! Support its development at https://junit.org/sponsoring

╷
├─ JUnit Jupiter ✔
│  ├─ TestDateRange ✔
│  │  ├─ DateRange1() ✔
│  │  ├─ DateRange2() ✔
│  │  ├─ DateRange3() ✔
│  │  └─ DateRange4() ✔
│  ├─ TestLocation ✔
│  │  ├─ Location1() ✔
│  │  ├─ Location2() ✔
│  │  ├─ Location3() ✔
│  │  └─ Location4() ✔
│  ├─ ValuationPolicyTests ✔
│  │  ├─ ValuationPolicy1() ✔
│  │  └─ ValuationPolicy2() ✔
│  └─ SystemTests ✔
│     ├─ findQuoteTest() ✔
│     └─ returnBikeTest() ✔
└─ JUnit Vintage ✔

Test run finished after 143 ms
[         6 containers found      ]
[         0 containers skipped    ]
[         6 containers started    ]
[         0 containers aborted    ]
[         6 containers successful ]
[         0 containers failed     ]
[        12 tests found           ]
[         0 tests skipped         ]
[        12 tests started         ]
[         0 tests aborted         ]
[        12 tests successful      ]
[         0 tests failed          ]

